#
# There is insufficient memory for the Java Runtime Environment to continue.
# Native memory allocation (malloc) failed to allocate 685776 bytes for Chunk::new
# Possible reasons:
#   The system is out of physical RAM or swap space
#   The process is running with CompressedOops enabled, and the Java Heap may be blocking the growth of the native heap
# Possible solutions:
#   Reduce memory load on the system
#   Increase physical memory or swap space
#   Check if swap backing store is full
#   Decrease Java heap size (-Xmx/-Xms)
#   Decrease number of Java threads
#   Decrease Java thread stack sizes (-Xss)
#   Set larger code cache with -XX:ReservedCodeCacheSize=
#   JVM is running with Unscaled Compressed Oops mode in which the Java heap is
#     placed in the first 4GB address space. The Java Heap base address is the
#     maximum limit for the native heap growth. Please use -XX:HeapBaseMinAddress
#     to set the Java Heap base and to place the Java Heap above 4GB virtual address.
# This output file may be truncated or incomplete.
#
#  Out of Memory Error (allocation.cpp:389), pid=12672, tid=0x0000000000005778
#
# JRE version: OpenJDK Runtime Environment (8.0_242-b01) (build 1.8.0_242-release-1644-b01)
# Java VM: OpenJDK 64-Bit Server VM (25.242-b01 mixed mode windows-amd64 compressed oops)
# Failed to write core dump. Minidumps are not enabled by default on client versions of Windows
#

---------------  T H R E A D  ---------------

Current thread (0x0000000019d41000):  JavaThread "C2 CompilerThread0" daemon [_thread_in_native, id=22392, stack(0x000000001a610000,0x000000001a710000)]

Stack: [0x000000001a610000,0x000000001a710000]
[error occurred during error reporting (printing stack bounds), id 0xc0000005]

Native frames: (J=compiled Java code, j=interpreted, Vv=VM code, C=native code)


Current CompileTask:
C2:  32656 5786   !   4       java.net.URLClassLoader$1::run (63 bytes)


---------------  P R O C E S S  ---------------

Java Threads: ( => current thread )
  0x000000001ad7e000 JavaThread "Cache worker for Build Output Cleanup Cache (C:\Users\Amanuel\Desktop\TODO\.gradle\buildOutputCleanup)" [_thread_blocked, id=7136, stack(0x0000000025770000,0x0000000025870000)]
  0x000000001ad7e800 JavaThread "Build operations Thread 8" [_thread_blocked, id=8564, stack(0x0000000024df0000,0x0000000024ef0000)]
  0x000000001ad80000 JavaThread "Build operations Thread 7" [_thread_blocked, id=24720, stack(0x0000000024cf0000,0x0000000024df0000)]
  0x000000001ad81000 JavaThread "Build operations Thread 6" [_thread_blocked, id=24716, stack(0x0000000024bf0000,0x0000000024cf0000)]
  0x000000001ad7c800 JavaThread "Build operations Thread 5" [_thread_blocked, id=17716, stack(0x0000000024af0000,0x0000000024bf0000)]
  0x000000001ad81800 JavaThread "Build operations Thread 4" [_thread_blocked, id=21308, stack(0x0000000023960000,0x0000000023a60000)]
  0x000000001ad7b800 JavaThread "Build operations Thread 3" [_thread_blocked, id=9528, stack(0x0000000023860000,0x0000000023960000)]
  0x000000001ad7b000 JavaThread "Build operations Thread 2" [_thread_blocked, id=17224, stack(0x0000000023760000,0x0000000023860000)]
  0x000000001ad73800 JavaThread "Build operations" [_thread_blocked, id=14328, stack(0x0000000023660000,0x0000000023760000)]
  0x000000001ad79800 JavaThread "Cache worker for execution history cache (C:\Users\Amanuel\.gradle\caches\6.1.1\executionHistory)" [_thread_blocked, id=24936, stack(0x0000000022700000,0x0000000022800000)]
  0x000000001ad75000 JavaThread "Cache worker for cache directory md-rule (C:\Users\Amanuel\.gradle\caches\6.1.1\md-rule)" [_thread_blocked, id=12864, stack(0x0000000022600000,0x0000000022700000)]
  0x000000001ad76800 JavaThread "Cache worker for cache directory md-supplier (C:\Users\Amanuel\.gradle\caches\6.1.1\md-supplier)" [_thread_blocked, id=14224, stack(0x0000000022500000,0x0000000022600000)]
  0x0000000019d44800 JavaThread "Cache worker for file hash cache (C:\Users\Amanuel\Desktop\TODO\.gradle\6.1.1\fileHashes)" [_thread_blocked, id=19716, stack(0x0000000020fd0000,0x00000000210d0000)]
  0x0000000019d49800 JavaThread "Cache worker for checksums cache (C:\Users\Amanuel\Desktop\TODO\.gradle\checksums)" [_thread_blocked, id=13748, stack(0x0000000020ed0000,0x0000000020fd0000)]
  0x0000000019d49000 JavaThread "File lock release action executor" [_thread_blocked, id=24168, stack(0x000000001ec30000,0x000000001ed30000)]
  0x0000000019d45000 JavaThread "Cache worker for file hash cache (C:\Users\Amanuel\.gradle\caches\6.1.1\fileHashes)" [_thread_blocked, id=9420, stack(0x000000001eb30000,0x000000001ec30000)]
  0x0000000019d47800 JavaThread "File lock request listener" [_thread_in_native, id=2708, stack(0x000000001ea30000,0x000000001eb30000)]
  0x0000000019d4a800 JavaThread "Cache worker for journal cache (C:\Users\Amanuel\.gradle\caches\journal-1)" [_thread_blocked, id=21312, stack(0x000000001e930000,0x000000001ea30000)]
  0x000000001c7d1800 JavaThread "Thread-9" [_thread_blocked, id=12396, stack(0x000000001e630000,0x000000001e730000)]
  0x000000001c7df000 JavaThread "Stdin handler" [_thread_blocked, id=9856, stack(0x000000001e530000,0x000000001e630000)]
  0x000000001c7de000 JavaThread "Asynchronous log dispatcher for DefaultDaemonConnection: socket connection from /127.0.0.1:59942 to /127.0.0.1:59948" [_thread_blocked, id=11952, stack(0x000000001e330000,0x000000001e430000)]
  0x000000001c7da800 JavaThread "Daemon worker" [_thread_in_vm, id=3908, stack(0x000000001e230000,0x000000001e330000)]
  0x000000001c7d9800 JavaThread "Cancel handler" [_thread_blocked, id=2560, stack(0x000000001e130000,0x000000001e230000)]
  0x000000001c7b7000 JavaThread "Handler for socket connection from /127.0.0.1:59942 to /127.0.0.1:59948" [_thread_in_native, id=24648, stack(0x000000001de30000,0x000000001df30000)]
  0x000000001c7b4800 JavaThread "Daemon" [_thread_blocked, id=21888, stack(0x000000001dd30000,0x000000001de30000)]
  0x000000001c72a000 JavaThread "Daemon periodic checks" [_thread_blocked, id=24464, stack(0x000000001dc30000,0x000000001dd30000)]
  0x000000001c71d000 JavaThread "Incoming local TCP Connector on port 59942" [_thread_in_native, id=24608, stack(0x000000001d9f0000,0x000000001daf0000)]
  0x000000001c82a800 JavaThread "Daemon health stats" [_thread_blocked, id=23264, stack(0x000000001d3b0000,0x000000001d4b0000)]
  0x0000000019dd6800 JavaThread "Service Thread" daemon [_thread_blocked, id=18544, stack(0x000000001aa10000,0x000000001ab10000)]
  0x0000000019d46800 JavaThread "C1 CompilerThread3" daemon [_thread_blocked, id=23060, stack(0x000000001a910000,0x000000001aa10000)]
  0x0000000019d48000 JavaThread "C2 CompilerThread2" daemon [_thread_in_native, id=6312, stack(0x000000001a810000,0x000000001a910000)]
  0x0000000019d46000 JavaThread "C2 CompilerThread1" daemon [_thread_in_native, id=15824, stack(0x000000001a710000,0x000000001a810000)]
=>0x0000000019d41000 JavaThread "C2 CompilerThread0" daemon [_thread_in_native, id=22392, stack(0x000000001a610000,0x000000001a710000)]
  0x0000000019d3f000 JavaThread "Attach Listener" daemon [_thread_blocked, id=25376, stack(0x000000001a510000,0x000000001a610000)]
  0x0000000019d3e000 JavaThread "Signal Dispatcher" daemon [_thread_blocked, id=3984, stack(0x000000001a410000,0x000000001a510000)]
  0x0000000002ead800 JavaThread "Finalizer" daemon [_thread_blocked, id=20716, stack(0x000000001a210000,0x000000001a310000)]
  0x0000000019d30800 JavaThread "Reference Handler" daemon [_thread_blocked, id=14028, stack(0x000000001a110000,0x000000001a210000)]
  0x0000000002cad800 JavaThread "main" [_thread_blocked, id=22308, stack(0x0000000002cb0000,0x0000000002db0000)]

Other Threads:
  0x0000000017f17800 VMThread [stack: 0x0000000019c10000,0x0000000019d10000] [id=11948]
  0x0000000019d97800 WatcherThread [stack: 0x000000001ab10000,0x000000001ac10000] [id=9640]

VM state:not at safepoint (normal execution)

VM Mutex/Monitor currently owned by a thread: None

heap address: 0x0000000080000000, size: 2048 MB, Compressed Oops mode: 32-bit
Narrow klass base: 0x0000000000000000, Narrow klass shift: 3
Compressed class space size: 1073741824 Address: 0x0000000100000000

Heap:
 PSYoungGen      total 125440K, used 48823K [0x00000000d5580000, 0x00000000dec80000, 0x0000000100000000)
  eden space 107520K, 45% used [0x00000000d5580000,0x00000000d852ded8,0x00000000dbe80000)
  from space 17920K, 0% used [0x00000000dd000000,0x00000000dd000000,0x00000000de180000)
  to   space 17920K, 0% used [0x00000000dbe80000,0x00000000dbe80000,0x00000000dd000000)
 ParOldGen       total 158720K, used 30934K [0x0000000080000000, 0x0000000089b00000, 0x00000000d5580000)
  object space 158720K, 19% used [0x0000000080000000,0x0000000081e358b8,0x0000000089b00000)
 Metaspace       used 58891K, capacity 61190K, committed 61336K, reserved 1101824K
  class space    used 8066K, capacity 8546K, committed 8616K, reserved 1048576K

Card table byte_map: [0x0000000012270000,0x0000000012680000] byte_map_base: 0x0000000011e70000

Marking Bits: (ParMarkBitMap*) 0x000000006eccf030
 Begin Bits: [0x0000000013130000, 0x0000000015130000)
 End Bits:   [0x0000000015130000, 0x0000000017130000)

Polling page: 0x0000000001010000

CodeCache: size=245760Kb used=18815Kb max_used=18815Kb free=226944Kb
 bounds [0x0000000002eb0000, 0x0000000004120000, 0x0000000011eb0000]
 total_blobs=6138 nmethods=5355 adapters=694
 compilation: enabled

Compilation events (10 events):
Event: 32.627 Thread 0x0000000019d46800 5886   !   3       com.sun.proxy.$Proxy29::annotationType (29 bytes)
Event: 32.627 Thread 0x0000000019d46800 nmethod 5886 0x000000000411add0 code [0x000000000411af60, 0x000000000411b398]
Event: 32.630 Thread 0x0000000019d46800 5887   !   3       org.gradle.api.internal.DefaultMutationGuard$2::execute (70 bytes)
Event: 32.631 Thread 0x0000000019d46800 nmethod 5887 0x000000000411b550 code [0x000000000411b800, 0x000000000411cac8]
Event: 32.636 Thread 0x0000000019d46800 5888       3       com.google.common.collect.HashMultimap::put (7 bytes)
Event: 32.636 Thread 0x0000000019d46800 nmethod 5888 0x000000000411d310 code [0x000000000411d480, 0x000000000411d668]
Event: 32.638 Thread 0x0000000019d46800 5889       3       com.google.common.collect.CompactHashSet::add (191 bytes)
Event: 32.639 Thread 0x0000000019d46800 nmethod 5889 0x000000000411d750 code [0x000000000411d9a0, 0x000000000411e808]
Event: 32.649 Thread 0x0000000019d46800 5890       3       org.gradle.util.CollectionUtils::collectArray (49 bytes)
Event: 32.650 Thread 0x0000000019d46800 nmethod 5890 0x000000000411f290 code [0x000000000411f420, 0x000000000411f868]

GC Heap History (10 events):
Event: 28.987 GC heap before
{Heap before GC invocations=11 (full 2):
 PSYoungGen      total 72704K, used 66331K [0x00000000d5580000, 0x00000000dc680000, 0x0000000100000000)
  eden space 60928K, 100% used [0x00000000d5580000,0x00000000d9100000,0x00000000d9100000)
  from space 11776K, 45% used [0x00000000d9d00000,0x00000000da246ff8,0x00000000da880000)
  to   space 12288K, 0% used [0x00000000d9100000,0x00000000d9100000,0x00000000d9d00000)
 ParOldGen       total 120832K, used 16104K [0x0000000080000000, 0x0000000087600000, 0x00000000d5580000)
  object space 120832K, 13% used [0x0000000080000000,0x0000000080fba3d8,0x0000000087600000)
 Metaspace       used 43053K, capacity 44622K, committed 44968K, reserved 1087488K
  class space    used 5824K, capacity 6198K, committed 6312K, reserved 1048576K
Event: 28.994 GC heap after
Heap after GC invocations=11 (full 2):
 PSYoungGen      total 73216K, used 10635K [0x00000000d5580000, 0x00000000dbc00000, 0x0000000100000000)
  eden space 60928K, 0% used [0x00000000d5580000,0x00000000d5580000,0x00000000d9100000)
  from space 12288K, 86% used [0x00000000d9100000,0x00000000d9b62f88,0x00000000d9d00000)
  to   space 12800K, 0% used [0x00000000daf80000,0x00000000daf80000,0x00000000dbc00000)
 ParOldGen       total 120832K, used 16112K [0x0000000080000000, 0x0000000087600000, 0x00000000d5580000)
  object space 120832K, 13% used [0x0000000080000000,0x0000000080fbc3d8,0x0000000087600000)
 Metaspace       used 43053K, capacity 44622K, committed 44968K, reserved 1087488K
  class space    used 5824K, capacity 6198K, committed 6312K, reserved 1048576K
}
Event: 29.762 GC heap before
{Heap before GC invocations=12 (full 2):
 PSYoungGen      total 73216K, used 71563K [0x00000000d5580000, 0x00000000dbc00000, 0x0000000100000000)
  eden space 60928K, 100% used [0x00000000d5580000,0x00000000d9100000,0x00000000d9100000)
  from space 12288K, 86% used [0x00000000d9100000,0x00000000d9b62f88,0x00000000d9d00000)
  to   space 12800K, 0% used [0x00000000daf80000,0x00000000daf80000,0x00000000dbc00000)
 ParOldGen       total 120832K, used 16112K [0x0000000080000000, 0x0000000087600000, 0x00000000d5580000)
  object space 120832K, 13% used [0x0000000080000000,0x0000000080fbc3d8,0x0000000087600000)
 Metaspace       used 47793K, capacity 49498K, committed 49576K, reserved 1091584K
  class space    used 6440K, capacity 6794K, committed 6824K, reserved 1048576K
Event: 29.780 GC heap after
Heap after GC invocations=12 (full 2):
 PSYoungGen      total 90112K, used 12784K [0x00000000d5580000, 0x00000000dc400000, 0x0000000100000000)
  eden space 77312K, 0% used [0x00000000d5580000,0x00000000d5580000,0x00000000da100000)
  from space 12800K, 99% used [0x00000000daf80000,0x00000000dbbfc228,0x00000000dbc00000)
  to   space 14848K, 0% used [0x00000000da100000,0x00000000da100000,0x00000000daf80000)
 ParOldGen       total 120832K, used 18009K [0x0000000080000000, 0x0000000087600000, 0x00000000d5580000)
  object space 120832K, 14% used [0x0000000080000000,0x00000000811964c0,0x0000000087600000)
 Metaspace       used 47793K, capacity 49498K, committed 49576K, reserved 1091584K
  class space    used 6440K, capacity 6794K, committed 6824K, reserved 1048576K
}
Event: 30.997 GC heap before
{Heap before GC invocations=13 (full 2):
 PSYoungGen      total 90112K, used 90096K [0x00000000d5580000, 0x00000000dc400000, 0x0000000100000000)
  eden space 77312K, 100% used [0x00000000d5580000,0x00000000da100000,0x00000000da100000)
  from space 12800K, 99% used [0x00000000daf80000,0x00000000dbbfc228,0x00000000dbc00000)
  to   space 14848K, 0% used [0x00000000da100000,0x00000000da100000,0x00000000daf80000)
 ParOldGen       total 120832K, used 18009K [0x0000000080000000, 0x0000000087600000, 0x00000000d5580000)
  object space 120832K, 14% used [0x0000000080000000,0x00000000811964c0,0x0000000087600000)
 Metaspace       used 54772K, capacity 56816K, committed 57128K, reserved 1097728K
  class space    used 7454K, capacity 7901K, committed 7976K, reserved 1048576K
Event: 31.020 GC heap after
Heap after GC invocations=13 (full 2):
 PSYoungGen      total 92160K, used 14822K [0x00000000d5580000, 0x00000000de180000, 0x0000000100000000)
  eden space 77312K, 0% used [0x00000000d5580000,0x00000000d5580000,0x00000000da100000)
  from space 14848K, 99% used [0x00000000da100000,0x00000000daf79af8,0x00000000daf80000)
  to   space 17920K, 0% used [0x00000000dd000000,0x00000000dd000000,0x00000000de180000)
 ParOldGen       total 120832K, used 22717K [0x0000000080000000, 0x0000000087600000, 0x00000000d5580000)
  object space 120832K, 18% used [0x0000000080000000,0x000000008162f450,0x0000000087600000)
 Metaspace       used 54772K, capacity 56816K, committed 57128K, reserved 1097728K
  class space    used 7454K, capacity 7901K, committed 7976K, reserved 1048576K
}
Event: 31.517 GC heap before
{Heap before GC invocations=14 (full 2):
 PSYoungGen      total 92160K, used 57650K [0x00000000d5580000, 0x00000000de180000, 0x0000000100000000)
  eden space 77312K, 55% used [0x00000000d5580000,0x00000000d7f52d90,0x00000000da100000)
  from space 14848K, 99% used [0x00000000da100000,0x00000000daf79af8,0x00000000daf80000)
  to   space 17920K, 0% used [0x00000000dd000000,0x00000000dd000000,0x00000000de180000)
 ParOldGen       total 120832K, used 22717K [0x0000000080000000, 0x0000000087600000, 0x00000000d5580000)
  object space 120832K, 18% used [0x0000000080000000,0x000000008162f450,0x0000000087600000)
 Metaspace       used 56996K, capacity 59068K, committed 59160K, reserved 1099776K
  class space    used 7785K, capacity 8206K, committed 8232K, reserved 1048576K
Event: 31.619 GC heap after
Heap after GC invocations=14 (full 2):
 PSYoungGen      total 125440K, used 7728K [0x00000000d5580000, 0x00000000dec80000, 0x0000000100000000)
  eden space 107520K, 0% used [0x00000000d5580000,0x00000000d5580000,0x00000000dbe80000)
  from space 17920K, 43% used [0x00000000dd000000,0x00000000dd78c0c0,0x00000000de180000)
  to   space 17920K, 0% used [0x00000000dbe80000,0x00000000dbe80000,0x00000000dd000000)
 ParOldGen       total 120832K, used 29846K [0x0000000080000000, 0x0000000087600000, 0x00000000d5580000)
  object space 120832K, 24% used [0x0000000080000000,0x0000000081d25a70,0x0000000087600000)
 Metaspace       used 56996K, capacity 59068K, committed 59160K, reserved 1099776K
  class space    used 7785K, capacity 8206K, committed 8232K, reserved 1048576K
}
Event: 31.619 GC heap before
{Heap before GC invocations=15 (full 3):
 PSYoungGen      total 125440K, used 7728K [0x00000000d5580000, 0x00000000dec80000, 0x0000000100000000)
  eden space 107520K, 0% used [0x00000000d5580000,0x00000000d5580000,0x00000000dbe80000)
  from space 17920K, 43% used [0x00000000dd000000,0x00000000dd78c0c0,0x00000000de180000)
  to   space 17920K, 0% used [0x00000000dbe80000,0x00000000dbe80000,0x00000000dd000000)
 ParOldGen       total 120832K, used 29846K [0x0000000080000000, 0x0000000087600000, 0x00000000d5580000)
  object space 120832K, 24% used [0x0000000080000000,0x0000000081d25a70,0x0000000087600000)
 Metaspace       used 56996K, capacity 59068K, committed 59160K, reserved 1099776K
  class space    used 7785K, capacity 8206K, committed 8232K, reserved 1048576K
Event: 31.869 GC heap after
Heap after GC invocations=15 (full 3):
 PSYoungGen      total 125440K, used 0K [0x00000000d5580000, 0x00000000dec80000, 0x0000000100000000)
  eden space 107520K, 0% used [0x00000000d5580000,0x00000000d5580000,0x00000000dbe80000)
  from space 17920K, 0% used [0x00000000dd000000,0x00000000dd000000,0x00000000de180000)
  to   space 17920K, 0% used [0x00000000dbe80000,0x00000000dbe80000,0x00000000dd000000)
 ParOldGen       total 158720K, used 30934K [0x0000000080000000, 0x0000000089b00000, 0x00000000d5580000)
  object space 158720K, 19% used [0x0000000080000000,0x0000000081e358b8,0x0000000089b00000)
 Metaspace       used 56960K, capacity 58948K, committed 59160K, reserved 1099776K
  class space    used 7774K, capacity 8186K, committed 8232K, reserved 1048576K
}

Deoptimization events (10 events):
Event: 32.368 Thread 0x000000001c7da800 Uncommon trap: reason=unstable_if action=reinterpret pc=0x00000000039e2abc method=groovy.lang.MetaClassImpl.checkIfStdMethod(Lgroovy/lang/MetaMethod;)V @ 167
Event: 32.369 Thread 0x000000001c7da800 Uncommon trap: reason=class_check action=maybe_recompile pc=0x00000000033107d4 method=groovy.lang.MetaMethod.isStatic()Z @ 1
Event: 32.370 Thread 0x000000001c7da800 Uncommon trap: reason=class_check action=maybe_recompile pc=0x00000000033107d4 method=groovy.lang.MetaMethod.isStatic()Z @ 1
Event: 32.370 Thread 0x000000001c7da800 Uncommon trap: reason=class_check action=maybe_recompile pc=0x00000000033107d4 method=groovy.lang.MetaMethod.isStatic()Z @ 1
Event: 32.370 Thread 0x000000001c7da800 Uncommon trap: reason=class_check action=maybe_recompile pc=0x00000000033107d4 method=groovy.lang.MetaMethod.isStatic()Z @ 1
Event: 32.487 Thread 0x000000001c7da800 Uncommon trap: reason=unstable_if action=reinterpret pc=0x0000000003810d50 method=java.io.WinNTFileSystem.normalize(Ljava/lang/String;)Ljava/lang/String; @ 74
Event: 32.487 Thread 0x000000001c7da800 Uncommon trap: reason=unstable_if action=reinterpret pc=0x00000000033db498 method=java.io.WinNTFileSystem.normalize(Ljava/lang/String;II)Ljava/lang/String; @ 103
Event: 32.576 Thread 0x000000001c7da800 Uncommon trap: reason=unstable_if action=reinterpret pc=0x00000000031d9ec8 method=java.util.HashMap.resize()[Ljava/util/HashMap$Node; @ 206
Event: 32.576 Thread 0x000000001c7da800 Uncommon trap: reason=unstable_if action=reinterpret pc=0x0000000003bf5504 method=java.util.HashMap.putVal(ILjava/lang/Object;Ljava/lang/Object;ZZ)Ljava/lang/Object; @ 109
Event: 32.576 Thread 0x000000001c7da800 Uncommon trap: reason=unstable_if action=reinterpret pc=0x0000000003a232e4 method=java.util.HashMap.putVal(ILjava/lang/Object;Ljava/lang/Object;ZZ)Ljava/lang/Object; @ 109

Classes redefined (0 events):
No events

Internal exceptions (10 events):
Event: 32.392 Thread 0x000000001c7da800 Exception <a 'java/lang/ClassNotFoundException': org/gradle/internal/extensibility/ExtensionsStorage$ExtensionHolderCustomizer> (0x00000000d71ef748) thrown at [C:\src\AOSP-openjdk-git\hotspot\src\share\vm\classfile\systemDictionary.cpp, line 210]
Event: 32.403 Thread 0x000000001c7da800 Exception <a 'java/lang/ClassNotFoundException': org/gradle/plugins/ide/idea/model/IdeaProject_DecoratedBeanInfo> (0x00000000d7311b40) thrown at [C:\src\AOSP-openjdk-git\hotspot\src\share\vm\classfile\systemDictionary.cpp, line 210]
Event: 32.403 Thread 0x000000001c7da800 Exception <a 'java/lang/ClassNotFoundException': org/gradle/plugins/ide/idea/model/IdeaProjectBeanInfo> (0x00000000d733cfd0) thrown at [C:\src\AOSP-openjdk-git\hotspot\src\share\vm\classfile\systemDictionary.cpp, line 210]
Event: 32.403 Thread 0x000000001c7da800 Exception <a 'java/lang/ClassNotFoundException': org/gradle/plugins/ide/idea/model/IdeaProjectCustomizer> (0x00000000d7368ee0) thrown at [C:\src\AOSP-openjdk-git\hotspot\src\share\vm\classfile\systemDictionary.cpp, line 210]
Event: 32.405 Thread 0x000000001c7da800 Exception <a 'java/lang/ClassNotFoundException': org/gradle/plugins/ide/idea/model/IdeaProject_DecoratedCustomizer> (0x00000000d73c8078) thrown at [C:\src\AOSP-openjdk-git\hotspot\src\share\vm\classfile\systemDictionary.cpp, line 210]
Event: 32.408 Thread 0x000000001c7da800 Exception <a 'java/lang/ClassNotFoundException': org/gradle/plugins/ide/idea/model/IdeaModule_DecoratedBeanInfo> (0x00000000d7496b58) thrown at [C:\src\AOSP-openjdk-git\hotspot\src\share\vm\classfile\systemDictionary.cpp, line 210]
Event: 32.409 Thread 0x000000001c7da800 Exception <a 'java/lang/ClassNotFoundException': org/gradle/plugins/ide/idea/model/IdeaModuleBeanInfo> (0x00000000d74c1378) thrown at [C:\src\AOSP-openjdk-git\hotspot\src\share\vm\classfile\systemDictionary.cpp, line 210]
Event: 32.409 Thread 0x000000001c7da800 Exception <a 'java/lang/ClassNotFoundException': org/gradle/plugins/ide/idea/model/IdeaModuleCustomizer> (0x00000000d74ec708) thrown at [C:\src\AOSP-openjdk-git\hotspot\src\share\vm\classfile\systemDictionary.cpp, line 210]
Event: 32.411 Thread 0x000000001c7da800 Exception <a 'java/lang/ClassNotFoundException': org/gradle/plugins/ide/idea/model/IdeaModule_DecoratedCustomizer> (0x00000000d7593de8) thrown at [C:\src\AOSP-openjdk-git\hotspot\src\share\vm\classfile\systemDictionary.cpp, line 210]
Event: 32.444 Thread 0x000000001c7da800 Exception <a 'java/lang/NoSuchMethodError': java.lang.Object.lambda$identity$2(Ljava/lang/Object;)Ljava/lang/Object;> (0x00000000d78cf668) thrown at [C:\src\AOSP-openjdk-git\hotspot\src\share\vm\interpreter\linkResolver.cpp, line 620]

Events (10 events):
Event: 32.647 loading class com/android/builder/internal/compiler/ShaderProcessor
Event: 32.647 loading class com/android/builder/internal/compiler/ShaderProcessor done
Event: 32.648 loading class com/android/builder/internal/compiler/DirectoryWalker$FileAction
Event: 32.648 loading class com/android/builder/internal/compiler/DirectoryWalker$FileAction done
Event: 32.651 loading class org/gradle/process/internal/DefaultExecOperations
Event: 32.651 loading class org/gradle/process/internal/DefaultExecOperations done
Event: 32.654 loading class com/google/common/collect/AbstractMapBasedMultimap$KeySet
Event: 32.654 loading class com/google/common/collect/AbstractMapBasedMultimap$KeySet done
Event: 32.654 loading class com/google/common/collect/Maps$KeySet
Event: 32.654 loading class com/google/common/collect/Maps$KeySet done


Dynamic libraries:
0x00007ff7c9c80000 - 0x00007ff7c9cb1000 	D:\Programs\jre\bin\java.exe
0x00007ffc79340000 - 0x00007ffc79530000 	C:\WINDOWS\SYSTEM32\ntdll.dll
0x00007ffc79240000 - 0x00007ffc792f2000 	C:\WINDOWS\System32\KERNEL32.DLL
0x00007ffc763d0000 - 0x00007ffc76674000 	C:\WINDOWS\System32\KERNELBASE.dll
0x00007ffc77610000 - 0x00007ffc776b3000 	C:\WINDOWS\System32\ADVAPI32.dll
0x00007ffc784f0000 - 0x00007ffc7858e000 	C:\WINDOWS\System32\msvcrt.dll
0x00007ffc78990000 - 0x00007ffc78a27000 	C:\WINDOWS\System32\sechost.dll
0x00007ffc776c0000 - 0x00007ffc777e0000 	C:\WINDOWS\System32\RPCRT4.dll
0x00007ffc78a60000 - 0x00007ffc78bf4000 	C:\WINDOWS\System32\USER32.dll
0x00007ffc76e10000 - 0x00007ffc76e31000 	C:\WINDOWS\System32\win32u.dll
0x00007ffc77f30000 - 0x00007ffc77f56000 	C:\WINDOWS\System32\GDI32.dll
0x00007ffc76ef0000 - 0x00007ffc77086000 	C:\WINDOWS\System32\gdi32full.dll
0x00007ffc76310000 - 0x00007ffc763ae000 	C:\WINDOWS\System32\msvcp_win.dll
0x00007ffc77090000 - 0x00007ffc7718a000 	C:\WINDOWS\System32\ucrtbase.dll
0x00007ffc61430000 - 0x00007ffc616b4000 	C:\WINDOWS\WinSxS\amd64_microsoft.windows.common-controls_6595b64144ccf1df_6.0.18362.959_none_e6c7bbbf130c62bb\COMCTL32.dll
0x00007ffc78c60000 - 0x00007ffc78f95000 	C:\WINDOWS\System32\combase.dll
0x00007ffc76e40000 - 0x00007ffc76ec0000 	C:\WINDOWS\System32\bcryptPrimitives.dll
0x00007ffc78a30000 - 0x00007ffc78a5e000 	C:\WINDOWS\System32\IMM32.DLL
0x000000006e420000 - 0x000000006e4f2000 	D:\Programs\jre\jre\bin\msvcr100.dll
0x000000006e500000 - 0x000000006ed4b000 	D:\Programs\jre\jre\bin\server\jvm.dll
0x00007ffc773f0000 - 0x00007ffc773f8000 	C:\WINDOWS\System32\PSAPI.DLL
0x00007ffc5b870000 - 0x00007ffc5b879000 	C:\WINDOWS\SYSTEM32\WSOCK32.dll
0x00007ffc70ee0000 - 0x00007ffc70eea000 	C:\WINDOWS\SYSTEM32\VERSION.dll
0x00007ffc783d0000 - 0x00007ffc7843f000 	C:\WINDOWS\System32\WS2_32.dll
0x00007ffc743f0000 - 0x00007ffc74414000 	C:\WINDOWS\SYSTEM32\WINMM.dll
0x00007ffc74330000 - 0x00007ffc7435d000 	C:\WINDOWS\SYSTEM32\WINMMBASE.dll
0x00007ffc762c0000 - 0x00007ffc7630a000 	C:\WINDOWS\System32\cfgmgr32.dll
0x00007ffc744d0000 - 0x00007ffc744df000 	D:\Programs\jre\jre\bin\verify.dll
0x00007ffc68d20000 - 0x00007ffc68d49000 	D:\Programs\jre\jre\bin\java.dll
0x00007ffc6d830000 - 0x00007ffc6d846000 	D:\Programs\jre\jre\bin\zip.dll
0x00007ffc77840000 - 0x00007ffc77f26000 	C:\WINDOWS\System32\SHELL32.dll
0x00007ffc78440000 - 0x00007ffc784e9000 	C:\WINDOWS\System32\shcore.dll
0x00007ffc76680000 - 0x00007ffc76e02000 	C:\WINDOWS\System32\windows.storage.dll
0x00007ffc76290000 - 0x00007ffc762b3000 	C:\WINDOWS\System32\profapi.dll
0x00007ffc76200000 - 0x00007ffc7624a000 	C:\WINDOWS\System32\powrprof.dll
0x00007ffc761f0000 - 0x00007ffc76200000 	C:\WINDOWS\System32\UMPDC.dll
0x00007ffc78c00000 - 0x00007ffc78c52000 	C:\WINDOWS\System32\shlwapi.dll
0x00007ffc76250000 - 0x00007ffc76261000 	C:\WINDOWS\System32\kernel.appcore.dll
0x00007ffc763b0000 - 0x00007ffc763c7000 	C:\WINDOWS\System32\cryptsp.dll
0x00007ffc68e40000 - 0x00007ffc68e5a000 	D:\Programs\jre\jre\bin\net.dll
0x00007ffc75a00000 - 0x00007ffc75a67000 	C:\WINDOWS\system32\mswsock.dll
0x00007ffc68d00000 - 0x00007ffc68d13000 	D:\Programs\jre\jre\bin\nio.dll
0x00007ffc5f580000 - 0x00007ffc5f5a6000 	C:\Users\Amanuel\.gradle\native\31\windows-amd64\native-platform.dll
0x00007ffc6d8c0000 - 0x00007ffc6d8cd000 	D:\Programs\jre\jre\bin\management.dll
0x00007ffc75570000 - 0x00007ffc755a3000 	C:\WINDOWS\system32\rsaenh.dll
0x00007ffc76ec0000 - 0x00007ffc76ee6000 	C:\WINDOWS\System32\bcrypt.dll
0x00007ffc76110000 - 0x00007ffc76135000 	C:\WINDOWS\SYSTEM32\USERENV.dll
0x00007ffc75bd0000 - 0x00007ffc75bdc000 	C:\WINDOWS\SYSTEM32\CRYPTBASE.dll
0x00007ffc75710000 - 0x00007ffc7574a000 	C:\WINDOWS\SYSTEM32\IPHLPAPI.DLL
0x00007ffc787f0000 - 0x00007ffc787f8000 	C:\WINDOWS\System32\NSI.dll
0x00007ffc70730000 - 0x00007ffc70746000 	C:\WINDOWS\SYSTEM32\dhcpcsvc6.DLL
0x00007ffc70640000 - 0x00007ffc7065c000 	C:\WINDOWS\SYSTEM32\dhcpcsvc.DLL
0x00007ffc75750000 - 0x00007ffc7581b000 	C:\WINDOWS\SYSTEM32\DNSAPI.dll

VM Arguments:
jvm_args: -Xmx2048m -Dfile.encoding=windows-1252 -Duser.country=US -Duser.language=en -Duser.variant 
java_command: org.gradle.launcher.daemon.bootstrap.GradleDaemon 6.1.1
java_class_path (initial): C:\Users\Amanuel\.gradle\wrapper\dists\gradle-6.1.1-all\cfmwm155h49vnt3hynmlrsdst\gradle-6.1.1\lib\gradle-launcher-6.1.1.jar
Launcher Type: SUN_STANDARD

Environment Variables:
PATH=C:\Program Files (x86)\Intel\iCLS Client\;C:\Program Files\Intel\iCLS Client\;C:\Windows\system32;C:\Windows;C:\Windows\System32\Wbem;C:\Windows\System32\WindowsPowerShell\v1.0\;C:\Program Files (x86)\Intel\Intel(R) Management Engine Components\DAL;C:\Program Files\Intel\Intel(R) Management Engine Components\DAL;C:\Program Files (x86)\Intel\Intel(R) Management Engine Components\IPT;C:\Program Files\Intel\Intel(R) Management Engine Components\IPT;C:\Program Files (x86)\NVIDIA Corporation\PhysX\Common;C:\WINDOWS\system32;C:\WINDOWS;C:\WINDOWS\System32\Wbem;C:\WINDOWS\System32\WindowsPowerShell\v1.0\;C:\WINDOWS\System32\OpenSSH\;C:\Program Files (x86)\python;C:\Program Files\NVIDIA Corporation\NVIDIA NvDLISR;C:\Program Files\PuTTY\;C:\Program Files (x86)\python\Scripts;C:\WINDOWS\system32;C:\WINDOWS;C:\WINDOWS\System32\Wbem;C:\WINDOWS\System32\WindowsPowerShell\v1.0\;C:\WINDOWS\System32\OpenSSH\;C:\Users\Amanuel\Desktop\venv\Scripts;C:\Program Files (x86)\python\Scripts\py-traceroute\;C:\Users\Amanuel\AppData\Local\Microsoft\WindowsApps;C:\MinGW\bin;C:\Users\Amanuel\AppData\Local\Microsoft\WindowsApps
USERNAME=Amanuel
OS=Windows_NT
PROCESSOR_IDENTIFIER=Intel64 Family 6 Model 158 Stepping 9, GenuineIntel



---------------  S Y S T E M  ---------------

OS: Windows 10.0 , 64 bit Build 18362 (10.0.18362.959)

CPU:total 8 (initial active 8) (4 cores per cpu, 2 threads per core) family 6 model 158 stepping 9, cmov, cx8, fxsr, mmx, sse, sse2, sse3, ssse3, sse4.1, sse4.2, popcnt, avx, avx2, aes, clmul, erms, rtm, 3dnowpref, lzcnt, ht, tsc, tscinvbit, bmi1, bmi2, adx

Memory: 4k page, physical 16718868k(6634444k free), swap 17243156k(5400k free)

vm_info: OpenJDK 64-Bit Server VM (25.242-b01) for windows-amd64 JRE (1.8.0_242-release-1644-b01), built by "builder" with MS VC++ 10.0 (VS2010)

time: Wed Jul 29 02:02:19 2020
timezone: Mountain Daylight Time
elapsed time: 32 seconds (0d 0h 0m 32s)

