#
# There is insufficient memory for the Java Runtime Environment to continue.
# Native memory allocation (malloc) failed to allocate 131088 bytes for Chunk::new
# Possible reasons:
#   The system is out of physical RAM or swap space
#   The process is running with CompressedOops enabled, and the Java Heap may be blocking the growth of the native heap
# Possible solutions:
#   Reduce memory load on the system
#   Increase physical memory or swap space
#   Check if swap backing store is full
#   Decrease Java heap size (-Xmx/-Xms)
#   Decrease number of Java threads
#   Decrease Java thread stack sizes (-Xss)
#   Set larger code cache with -XX:ReservedCodeCacheSize=
#   JVM is running with Unscaled Compressed Oops mode in which the Java heap is
#     placed in the first 4GB address space. The Java Heap base address is the
#     maximum limit for the native heap growth. Please use -XX:HeapBaseMinAddress
#     to set the Java Heap base and to place the Java Heap above 4GB virtual address.
# This output file may be truncated or incomplete.
#
#  Out of Memory Error (allocation.cpp:389), pid=7012, tid=0x00000000000051c4
#
# JRE version: OpenJDK Runtime Environment (8.0_242-b01) (build 1.8.0_242-release-1644-b01)
# Java VM: OpenJDK 64-Bit Server VM (25.242-b01 mixed mode windows-amd64 compressed oops)
# Failed to write core dump. Minidumps are not enabled by default on client versions of Windows
#

---------------  T H R E A D  ---------------

Current thread (0x00000000196d9000):  JavaThread "C2 CompilerThread2" daemon [_thread_in_native, id=20932, stack(0x000000001a1a0000,0x000000001a2a0000)]

Stack: [0x000000001a1a0000,0x000000001a2a0000]
[error occurred during error reporting (printing stack bounds), id 0xc0000005]

Native frames: (J=compiled Java code, j=interpreted, Vv=VM code, C=native code)


Current CompileTask:
C2:  32631 5977       4       org.gradle.internal.instantiation.generator.AbstractClassGenerator::inspectType (559 bytes)


---------------  P R O C E S S  ---------------

Java Threads: ( => current thread )
  0x000000001b1db000 JavaThread "Cache worker for Build Output Cleanup Cache (D:\My Android projects\ToDo2\.gradle\buildOutputCleanup)" [_thread_blocked, id=19220, stack(0x0000000025040000,0x0000000025140000)]
  0x000000001b1d2800 JavaThread "Build operations Thread 8" [_thread_blocked, id=19112, stack(0x0000000024940000,0x0000000024a40000)]
  0x000000001b1d8800 JavaThread "Build operations Thread 7" [_thread_blocked, id=21536, stack(0x0000000024840000,0x0000000024940000)]
  0x000000001b1d7000 JavaThread "Build operations Thread 6" [_thread_blocked, id=14144, stack(0x00000000231a0000,0x00000000232a0000)]
  0x000000001b1d6800 JavaThread "Build operations Thread 5" [_thread_blocked, id=3772, stack(0x0000000024740000,0x0000000024840000)]
  0x000000001b1d5000 JavaThread "Build operations Thread 4" [_thread_blocked, id=25120, stack(0x0000000024640000,0x0000000024740000)]
  0x000000001b1d8000 JavaThread "Build operations Thread 3" [_thread_blocked, id=20760, stack(0x00000000234f0000,0x00000000235f0000)]
  0x000000001b1d5800 JavaThread "Build operations Thread 2" [_thread_blocked, id=2264, stack(0x00000000233f0000,0x00000000234f0000)]
  0x000000001b1d3800 JavaThread "Build operations" [_thread_blocked, id=3864, stack(0x00000000232f0000,0x00000000233f0000)]
  0x000000001b1cf000 JavaThread "File lock release action executor Thread 2" [_thread_blocked, id=25280, stack(0x0000000022aa0000,0x0000000022ba0000)]
  0x000000001b1cf800 JavaThread "Cache worker for execution history cache (C:\Users\Amanuel\.gradle\caches\6.1.1\executionHistory)" [_thread_blocked, id=15304, stack(0x00000000221a0000,0x00000000222a0000)]
  0x000000001c56c800 JavaThread "Cache worker for cache directory md-rule (C:\Users\Amanuel\.gradle\caches\6.1.1\md-rule)" [_thread_blocked, id=10792, stack(0x0000000021da0000,0x0000000021ea0000)]
  0x000000001c567000 JavaThread "Cache worker for cache directory md-supplier (C:\Users\Amanuel\.gradle\caches\6.1.1\md-supplier)" [_thread_blocked, id=7340, stack(0x0000000021ca0000,0x0000000021da0000)]
  0x000000001c565800 JavaThread "Cache worker for file hash cache (D:\My Android projects\ToDo2\.gradle\6.1.1\fileHashes)" [_thread_blocked, id=5264, stack(0x0000000021ea0000,0x0000000021fa0000)]
  0x000000001c56b000 JavaThread "Cache worker for checksums cache (D:\My Android projects\ToDo2\.gradle\checksums)" [_thread_blocked, id=8212, stack(0x0000000020b20000,0x0000000020c20000)]
  0x000000001c566800 JavaThread "Cache worker for file hash cache (C:\Users\Amanuel\.gradle\caches\6.1.1\fileHashes)" [_thread_blocked, id=12932, stack(0x000000001e5c0000,0x000000001e6c0000)]
  0x000000001c568800 JavaThread "File lock release action executor" [_thread_blocked, id=22656, stack(0x000000001e4c0000,0x000000001e5c0000)]
  0x000000001c568000 JavaThread "File lock request listener" [_thread_in_native, id=14072, stack(0x000000001e3c0000,0x000000001e4c0000)]
  0x000000001c569800 JavaThread "Cache worker for journal cache (C:\Users\Amanuel\.gradle\caches\journal-1)" [_thread_blocked, id=13424, stack(0x000000001e2c0000,0x000000001e3c0000)]
  0x000000001c351000 JavaThread "Thread-9" [_thread_blocked, id=10096, stack(0x000000001dfc0000,0x000000001e0c0000)]
  0x000000001c2f7800 JavaThread "Stdin handler" [_thread_blocked, id=12064, stack(0x000000001dec0000,0x000000001dfc0000)]
  0x000000001c331000 JavaThread "Asynchronous log dispatcher for DefaultDaemonConnection: socket connection from /127.0.0.1:59936 to /127.0.0.1:59943" [_thread_blocked, id=13832, stack(0x000000001dcc0000,0x000000001ddc0000)]
  0x000000001c2fb000 JavaThread "Daemon worker" [_thread_in_Java, id=7868, stack(0x000000001dbc0000,0x000000001dcc0000)]
  0x000000001c32a000 JavaThread "Cancel handler" [_thread_blocked, id=812, stack(0x000000001dac0000,0x000000001dbc0000)]
  0x000000001c33c000 JavaThread "Handler for socket connection from /127.0.0.1:59936 to /127.0.0.1:59943" [_thread_in_native, id=4596, stack(0x000000001d7c0000,0x000000001d8c0000)]
  0x000000001c2db000 JavaThread "Daemon" [_thread_blocked, id=19968, stack(0x000000001d6c0000,0x000000001d7c0000)]
  0x000000001c2d0800 JavaThread "Daemon periodic checks" [_thread_blocked, id=6316, stack(0x000000001d5c0000,0x000000001d6c0000)]
  0x000000001c283800 JavaThread "Incoming local TCP Connector on port 59936" [_thread_in_native, id=13148, stack(0x000000001d380000,0x000000001d480000)]
  0x000000001c1ca000 JavaThread "Daemon health stats" [_thread_blocked, id=18388, stack(0x000000001cd40000,0x000000001ce40000)]
  0x0000000019753800 JavaThread "Service Thread" daemon [_thread_blocked, id=10204, stack(0x000000001a3a0000,0x000000001a4a0000)]
  0x00000000196f4800 JavaThread "C1 CompilerThread3" daemon [_thread_in_vm, id=15596, stack(0x000000001a2a0000,0x000000001a3a0000)]
=>0x00000000196d9000 JavaThread "C2 CompilerThread2" daemon [_thread_in_native, id=20932, stack(0x000000001a1a0000,0x000000001a2a0000)]
  0x00000000196d3800 JavaThread "C2 CompilerThread1" daemon [_thread_in_native, id=13780, stack(0x000000001a0a0000,0x000000001a1a0000)]
  0x00000000196d0800 JavaThread "C2 CompilerThread0" daemon [_thread_in_native, id=25508, stack(0x0000000019fa0000,0x000000001a0a0000)]
  0x00000000196cf000 JavaThread "Attach Listener" daemon [_thread_blocked, id=22056, stack(0x0000000019ea0000,0x0000000019fa0000)]
  0x00000000196ce000 JavaThread "Signal Dispatcher" daemon [_thread_blocked, id=9520, stack(0x0000000019da0000,0x0000000019ea0000)]
  0x0000000002858000 JavaThread "Finalizer" daemon [_thread_blocked, id=18020, stack(0x0000000019ba0000,0x0000000019ca0000)]
  0x00000000196c0800 JavaThread "Reference Handler" daemon [_thread_blocked, id=20316, stack(0x0000000019aa0000,0x0000000019ba0000)]
  0x0000000000d8d800 JavaThread "main" [_thread_blocked, id=20628, stack(0x0000000002570000,0x0000000002670000)]

Other Threads:
  0x00000000178c8000 VMThread [stack: 0x00000000195a0000,0x00000000196a0000] [id=23920]
  0x0000000019754800 WatcherThread [stack: 0x000000001a4a0000,0x000000001a5a0000] [id=2836]

VM state:not at safepoint (normal execution)

VM Mutex/Monitor currently owned by a thread:  ([mutex/lock_event])
[0x0000000000d8c270] CodeCache_lock - owner thread: 0x0000000000000000

heap address: 0x0000000080000000, size: 2048 MB, Compressed Oops mode: 32-bit
Narrow klass base: 0x0000000000000000, Narrow klass shift: 3
Compressed class space size: 1073741824 Address: 0x0000000100000000

Heap:
 PSYoungGen      total 95232K, used 19605K [0x00000000d5580000, 0x00000000dcf80000, 0x0000000100000000)
  eden space 78336K, 17% used [0x00000000d5580000,0x00000000d62d5358,0x00000000da200000)
  from space 16896K, 35% used [0x00000000da200000,0x00000000da7d01e0,0x00000000db280000)
  to   space 16896K, 0% used [0x00000000dbf00000,0x00000000dbf00000,0x00000000dcf80000)
 ParOldGen       total 125952K, used 31276K [0x0000000080000000, 0x0000000087b00000, 0x00000000d5580000)
  object space 125952K, 24% used [0x0000000080000000,0x0000000081e8b368,0x0000000087b00000)
 Metaspace       used 60650K, capacity 62934K, committed 63128K, reserved 1103872K
  class space    used 8341K, capacity 8828K, committed 8872K, reserved 1048576K

Card table byte_map: [0x0000000011c20000,0x0000000012030000] byte_map_base: 0x0000000011820000

Marking Bits: (ParMarkBitMap*) 0x000000006eccf030
 Begin Bits: [0x0000000012ae0000, 0x0000000014ae0000)
 End Bits:   [0x0000000014ae0000, 0x0000000016ae0000)

Polling page: 0x0000000000cb0000

CodeCache: size=245760Kb used=20203Kb max_used=20203Kb free=225556Kb
 bounds [0x0000000002860000, 0x0000000003c30000, 0x0000000011860000]
 total_blobs=6480 nmethods=5697 adapters=696
 compilation: enabled

Compilation events (10 events):
Event: 32.616 Thread 0x00000000196f4800 nmethod 6162 0x0000000003c1f5d0 code [0x0000000003c1f7c0, 0x0000000003c200f8]
Event: 32.616 Thread 0x00000000196f4800 6163       3       java.util.stream.MatchOps$$Lambda$127/1642326318::get$Lambda (10 bytes)
Event: 32.616 Thread 0x00000000196f4800 nmethod 6163 0x0000000003c20610 code [0x0000000003c20780, 0x0000000003c209f0]
Event: 32.616 Thread 0x00000000196f4800 6164       3       java.util.stream.MatchOps$$Lambda$127/1642326318::<init> (15 bytes)
Event: 32.616 Thread 0x00000000196f4800 nmethod 6164 0x0000000003c20b10 code [0x0000000003c20c60, 0x0000000003c20e30]
Event: 32.617 Thread 0x00000000196f4800 6165       3       com.google.common.collect.SingletonImmutableSet::contains (9 bytes)
Event: 32.618 Thread 0x00000000196f4800 nmethod 6165 0x0000000003c20ed0 code [0x0000000003c21040, 0x0000000003c21268]
Event: 32.624 Thread 0x00000000196f4800 6170       3       org.gradle.api.internal.tasks.TaskMutator::mutate (35 bytes)
Event: 32.625 Thread 0x00000000196f4800 nmethod 6170 0x0000000003c21350 code [0x0000000003c215e0, 0x0000000003c227f8]
Event: 32.625 Thread 0x00000000196f4800 6171       3       org.codehaus.groovy.runtime.metaclass.MetaClassRegistryImpl::getMetaClass (8 bytes)

GC Heap History (10 events):
Event: 28.932 GC heap before
{Heap before GC invocations=12 (full 2):
 PSYoungGen      total 69120K, used 68976K [0x00000000d5580000, 0x00000000da780000, 0x0000000100000000)
  eden space 59392K, 100% used [0x00000000d5580000,0x00000000d8f80000,0x00000000d8f80000)
  from space 9728K, 98% used [0x00000000d9080000,0x00000000d99dc0f0,0x00000000d9a00000)
  to   space 12288K, 0% used [0x00000000d9b80000,0x00000000d9b80000,0x00000000da780000)
 ParOldGen       total 80384K, used 15685K [0x0000000080000000, 0x0000000084e80000, 0x00000000d5580000)
  object space 80384K, 19% used [0x0000000080000000,0x0000000080f514b8,0x0000000084e80000)
 Metaspace       used 47558K, capacity 49260K, committed 49576K, reserved 1091584K
  class space    used 6420K, capacity 6785K, committed 6824K, reserved 1048576K
Event: 28.940 GC heap after
Heap after GC invocations=12 (full 2):
 PSYoungGen      total 70144K, used 12262K [0x00000000d5580000, 0x00000000dbe00000, 0x0000000100000000)
  eden space 57856K, 0% used [0x00000000d5580000,0x00000000d5580000,0x00000000d8e00000)
  from space 12288K, 99% used [0x00000000d9b80000,0x00000000da779968,0x00000000da780000)
  to   space 13824K, 0% used [0x00000000d8e00000,0x00000000d8e00000,0x00000000d9b80000)
 ParOldGen       total 80384K, used 16843K [0x0000000080000000, 0x0000000084e80000, 0x00000000d5580000)
  object space 80384K, 20% used [0x0000000080000000,0x0000000081072d60,0x0000000084e80000)
 Metaspace       used 47558K, capacity 49260K, committed 49576K, reserved 1091584K
  class space    used 6420K, capacity 6785K, committed 6824K, reserved 1048576K
}
Event: 29.980 GC heap before
{Heap before GC invocations=13 (full 2):
 PSYoungGen      total 70144K, used 70118K [0x00000000d5580000, 0x00000000dbe00000, 0x0000000100000000)
  eden space 57856K, 100% used [0x00000000d5580000,0x00000000d8e00000,0x00000000d8e00000)
  from space 12288K, 99% used [0x00000000d9b80000,0x00000000da779968,0x00000000da780000)
  to   space 13824K, 0% used [0x00000000d8e00000,0x00000000d8e00000,0x00000000d9b80000)
 ParOldGen       total 80384K, used 16843K [0x0000000080000000, 0x0000000084e80000, 0x00000000d5580000)
  object space 80384K, 20% used [0x0000000080000000,0x0000000081072d60,0x0000000084e80000)
 Metaspace       used 53289K, capacity 55290K, committed 55592K, reserved 1097728K
  class space    used 7223K, capacity 7697K, committed 7720K, reserved 1048576K
Event: 29.991 GC heap after
Heap after GC invocations=13 (full 2):
 PSYoungGen      total 71680K, used 13795K [0x00000000d5580000, 0x00000000dc280000, 0x0000000100000000)
  eden space 57856K, 0% used [0x00000000d5580000,0x00000000d5580000,0x00000000d8e00000)
  from space 13824K, 99% used [0x00000000d8e00000,0x00000000d9b78e78,0x00000000d9b80000)
  to   space 16384K, 0% used [0x00000000db280000,0x00000000db280000,0x00000000dc280000)
 ParOldGen       total 80384K, used 19679K [0x0000000080000000, 0x0000000084e80000, 0x00000000d5580000)
  object space 80384K, 24% used [0x0000000080000000,0x0000000081337e90,0x0000000084e80000)
 Metaspace       used 53289K, capacity 55290K, committed 55592K, reserved 1097728K
  class space    used 7223K, capacity 7697K, committed 7720K, reserved 1048576K
}
Event: 30.831 GC heap before
{Heap before GC invocations=14 (full 2):
 PSYoungGen      total 71680K, used 68973K [0x00000000d5580000, 0x00000000dc280000, 0x0000000100000000)
  eden space 57856K, 95% used [0x00000000d5580000,0x00000000d8b62750,0x00000000d8e00000)
  from space 13824K, 99% used [0x00000000d8e00000,0x00000000d9b78e78,0x00000000d9b80000)
  to   space 16384K, 0% used [0x00000000db280000,0x00000000db280000,0x00000000dc280000)
 ParOldGen       total 80384K, used 19679K [0x0000000080000000, 0x0000000084e80000, 0x00000000d5580000)
  object space 80384K, 24% used [0x0000000080000000,0x0000000081337e90,0x0000000084e80000)
 Metaspace       used 57058K, capacity 59136K, committed 59160K, reserved 1099776K
  class space    used 7768K, capacity 8223K, committed 8232K, reserved 1048576K
Event: 30.849 GC heap after
Heap after GC invocations=14 (full 2):
 PSYoungGen      total 94720K, used 12873K [0x00000000d5580000, 0x00000000dc680000, 0x0000000100000000)
  eden space 78336K, 0% used [0x00000000d5580000,0x00000000d5580000,0x00000000da200000)
  from space 16384K, 78% used [0x00000000db280000,0x00000000dbf12728,0x00000000dc280000)
  to   space 16896K, 0% used [0x00000000da200000,0x00000000da200000,0x00000000db280000)
 ParOldGen       total 80384K, used 24709K [0x0000000080000000, 0x0000000084e80000, 0x00000000d5580000)
  object space 80384K, 30% used [0x0000000080000000,0x0000000081821710,0x0000000084e80000)
 Metaspace       used 57058K, capacity 59136K, committed 59160K, reserved 1099776K
  class space    used 7768K, capacity 8223K, committed 8232K, reserved 1048576K
}
Event: 30.849 GC heap before
{Heap before GC invocations=15 (full 3):
 PSYoungGen      total 94720K, used 12873K [0x00000000d5580000, 0x00000000dc680000, 0x0000000100000000)
  eden space 78336K, 0% used [0x00000000d5580000,0x00000000d5580000,0x00000000da200000)
  from space 16384K, 78% used [0x00000000db280000,0x00000000dbf12728,0x00000000dc280000)
  to   space 16896K, 0% used [0x00000000da200000,0x00000000da200000,0x00000000db280000)
 ParOldGen       total 80384K, used 24709K [0x0000000080000000, 0x0000000084e80000, 0x00000000d5580000)
  object space 80384K, 30% used [0x0000000080000000,0x0000000081821710,0x0000000084e80000)
 Metaspace       used 57058K, capacity 59136K, committed 59160K, reserved 1099776K
  class space    used 7768K, capacity 8223K, committed 8232K, reserved 1048576K
Event: 31.143 GC heap after
Heap after GC invocations=15 (full 3):
 PSYoungGen      total 94720K, used 0K [0x00000000d5580000, 0x00000000dc680000, 0x0000000100000000)
  eden space 78336K, 0% used [0x00000000d5580000,0x00000000d5580000,0x00000000da200000)
  from space 16384K, 0% used [0x00000000db280000,0x00000000db280000,0x00000000dc280000)
  to   space 16896K, 0% used [0x00000000da200000,0x00000000da200000,0x00000000db280000)
 ParOldGen       total 125952K, used 31268K [0x0000000080000000, 0x0000000087b00000, 0x00000000d5580000)
  object space 125952K, 24% used [0x0000000080000000,0x0000000081e89368,0x0000000087b00000)
 Metaspace       used 57037K, capacity 59064K, committed 59160K, reserved 1099776K
  class space    used 7761K, capacity 8211K, committed 8232K, reserved 1048576K
}
Event: 32.477 GC heap before
{Heap before GC invocations=16 (full 3):
 PSYoungGen      total 94720K, used 78336K [0x00000000d5580000, 0x00000000dc680000, 0x0000000100000000)
  eden space 78336K, 100% used [0x00000000d5580000,0x00000000da200000,0x00000000da200000)
  from space 16384K, 0% used [0x00000000db280000,0x00000000db280000,0x00000000dc280000)
  to   space 16896K, 0% used [0x00000000da200000,0x00000000da200000,0x00000000db280000)
 ParOldGen       total 125952K, used 31268K [0x0000000080000000, 0x0000000087b00000, 0x00000000d5580000)
  object space 125952K, 24% used [0x0000000080000000,0x0000000081e89368,0x0000000087b00000)
 Metaspace       used 60039K, capacity 62324K, committed 62488K, reserved 1103872K
  class space    used 8245K, capacity 8707K, committed 8744K, reserved 1048576K
Event: 32.483 GC heap after
Heap after GC invocations=16 (full 3):
 PSYoungGen      total 95232K, used 5952K [0x00000000d5580000, 0x00000000dcf80000, 0x0000000100000000)
  eden space 78336K, 0% used [0x00000000d5580000,0x00000000d5580000,0x00000000da200000)
  from space 16896K, 35% used [0x00000000da200000,0x00000000da7d01e0,0x00000000db280000)
  to   space 16896K, 0% used [0x00000000dbf00000,0x00000000dbf00000,0x00000000dcf80000)
 ParOldGen       total 125952K, used 31276K [0x0000000080000000, 0x0000000087b00000, 0x00000000d5580000)
  object space 125952K, 24% used [0x0000000080000000,0x0000000081e8b368,0x0000000087b00000)
 Metaspace       used 60039K, capacity 62324K, committed 62488K, reserved 1103872K
  class space    used 8245K, capacity 8707K, committed 8744K, reserved 1048576K
}

Deoptimization events (10 events):
Event: 31.888 Thread 0x000000001c2fb000 Uncommon trap: reason=class_check action=maybe_recompile pc=0x0000000003512780 method=java.lang.Throwable.<init>(Ljava/lang/String;Ljava/lang/Throwable;)V @ 24
Event: 31.957 Thread 0x000000001c2fb000 Uncommon trap: reason=unstable_if action=reinterpret pc=0x00000000031feb10 method=java.io.WinNTFileSystem.normalize(Ljava/lang/String;)Ljava/lang/String; @ 74
Event: 31.957 Thread 0x000000001c2fb000 Uncommon trap: reason=unstable_if action=reinterpret pc=0x0000000002da50c4 method=java.io.WinNTFileSystem.normalize(Ljava/lang/String;II)Ljava/lang/String; @ 103
Event: 32.030 Thread 0x000000001c2fb000 Uncommon trap: reason=unstable_if action=reinterpret pc=0x0000000002b9bc08 method=java.util.HashMap.resize()[Ljava/util/HashMap$Node; @ 206
Event: 32.030 Thread 0x000000001c2fb000 Uncommon trap: reason=unstable_if action=reinterpret pc=0x00000000035e9b98 method=java.util.HashMap.putVal(ILjava/lang/Object;Ljava/lang/Object;ZZ)Ljava/lang/Object; @ 109
Event: 32.030 Thread 0x000000001c2fb000 Uncommon trap: reason=unstable_if action=reinterpret pc=0x00000000034422a4 method=java.util.HashMap.putVal(ILjava/lang/Object;Ljava/lang/Object;ZZ)Ljava/lang/Object; @ 109
Event: 32.555 Thread 0x000000001c2fb000 Uncommon trap: reason=unstable_if action=reinterpret pc=0x0000000003b1b5cc method=org.objectweb.asm.Type.getType(Ljava/lang/Class;)Lorg/objectweb/asm/Type; @ 33
Event: 32.555 Thread 0x000000001c2fb000 Uncommon trap: reason=unstable_if action=reinterpret pc=0x0000000003b9d888 method=org.objectweb.asm.Type.getArgumentsAndReturnSizes(Ljava/lang/String;)I @ 109
Event: 32.555 Thread 0x000000001c2fb000 Uncommon trap: reason=unstable_if action=reinterpret pc=0x0000000003309fd4 method=org.objectweb.asm.Type.getArgumentsAndReturnSizes(Ljava/lang/String;)I @ 109
Event: 32.556 Thread 0x000000001c2fb000 Uncommon trap: reason=unstable_if action=reinterpret pc=0x00000000037ff4fc method=org.objectweb.asm.Type.getArgumentsAndReturnSizes(Ljava/lang/String;)I @ 19

Classes redefined (0 events):
No events

Internal exceptions (10 events):
Event: 31.840 Thread 0x000000001c2fb000 Exception <a 'java/lang/ClassNotFoundException': org/gradle/plugins/ide/idea/model/IdeaProjectBeanInfo> (0x00000000d7a40390) thrown at [C:\src\AOSP-openjdk-git\hotspot\src\share\vm\classfile\systemDictionary.cpp, line 210]
Event: 31.840 Thread 0x000000001c2fb000 Exception <a 'java/lang/ClassNotFoundException': org/gradle/plugins/ide/idea/model/IdeaProjectCustomizer> (0x00000000d7a6c320) thrown at [C:\src\AOSP-openjdk-git\hotspot\src\share\vm\classfile\systemDictionary.cpp, line 210]
Event: 31.841 Thread 0x000000001c2fb000 Exception <a 'java/lang/ClassNotFoundException': org/gradle/plugins/ide/idea/model/IdeaProject_DecoratedCustomizer> (0x00000000d7acb4b8) thrown at [C:\src\AOSP-openjdk-git\hotspot\src\share\vm\classfile\systemDictionary.cpp, line 210]
Event: 31.844 Thread 0x000000001c2fb000 Exception <a 'java/lang/ClassNotFoundException': org/gradle/plugins/ide/idea/model/IdeaModule_DecoratedBeanInfo> (0x00000000d7b99f90) thrown at [C:\src\AOSP-openjdk-git\hotspot\src\share\vm\classfile\systemDictionary.cpp, line 210]
Event: 31.844 Thread 0x000000001c2fb000 Exception <a 'java/lang/ClassNotFoundException': org/gradle/plugins/ide/idea/model/IdeaModuleBeanInfo> (0x00000000d7bc47c8) thrown at [C:\src\AOSP-openjdk-git\hotspot\src\share\vm\classfile\systemDictionary.cpp, line 210]
Event: 31.845 Thread 0x000000001c2fb000 Exception <a 'java/lang/ClassNotFoundException': org/gradle/plugins/ide/idea/model/IdeaModuleCustomizer> (0x00000000d7befb58) thrown at [C:\src\AOSP-openjdk-git\hotspot\src\share\vm\classfile\systemDictionary.cpp, line 210]
Event: 31.847 Thread 0x000000001c2fb000 Exception <a 'java/lang/ClassNotFoundException': org/gradle/plugins/ide/idea/model/IdeaModule_DecoratedCustomizer> (0x00000000d7c970e0) thrown at [C:\src\AOSP-openjdk-git\hotspot\src\share\vm\classfile\systemDictionary.cpp, line 210]
Event: 31.863 Thread 0x000000001c2fb000 Exception <a 'java/lang/NoSuchMethodError': <clinit>> (0x00000000d7e218e0) thrown at [C:\src\AOSP-openjdk-git\hotspot\src\share\vm\prims\jni.cpp, line 1615]
Event: 31.868 Thread 0x000000001c2fb000 Exception <a 'java/lang/NoSuchMethodError': <clinit>> (0x00000000d7f03040) thrown at [C:\src\AOSP-openjdk-git\hotspot\src\share\vm\prims\jni.cpp, line 1615]
Event: 31.916 Thread 0x000000001c2fb000 Exception <a 'java/lang/NoSuchMethodError': java.lang.Object.lambda$identity$2(Ljava/lang/Object;)Ljava/lang/Object;> (0x00000000d8210e60) thrown at [C:\src\AOSP-openjdk-git\hotspot\src\share\vm\interpreter\linkResolver.cpp, line 620]

Events (10 events):
Event: 32.622 loading class com/android/build/gradle/internal/scope/GlobalScope
Event: 32.622 loading class com/android/build/gradle/internal/scope/GlobalScope done
Event: 32.622 loading class com/android/build/gradle/internal/scope/GlobalScope
Event: 32.622 loading class com/android/build/gradle/internal/scope/GlobalScope done
Event: 32.623 loading class org/gradle/api/Task
Event: 32.623 loading class org/gradle/api/Task done
Event: 32.623 loading class org/gradle/api/Task
Event: 32.623 loading class org/gradle/api/Task done
Event: 32.623 loading class org/gradle/api/specs/Spec
Event: 32.623 loading class org/gradle/api/specs/Spec done


Dynamic libraries:
0x00007ff7c9c80000 - 0x00007ff7c9cb1000 	D:\Programs\jre\bin\java.exe
0x00007ffc79340000 - 0x00007ffc79530000 	C:\WINDOWS\SYSTEM32\ntdll.dll
0x00007ffc79240000 - 0x00007ffc792f2000 	C:\WINDOWS\System32\KERNEL32.DLL
0x00007ffc763d0000 - 0x00007ffc76674000 	C:\WINDOWS\System32\KERNELBASE.dll
0x00007ffc77610000 - 0x00007ffc776b3000 	C:\WINDOWS\System32\ADVAPI32.dll
0x00007ffc784f0000 - 0x00007ffc7858e000 	C:\WINDOWS\System32\msvcrt.dll
0x00007ffc78990000 - 0x00007ffc78a27000 	C:\WINDOWS\System32\sechost.dll
0x00007ffc776c0000 - 0x00007ffc777e0000 	C:\WINDOWS\System32\RPCRT4.dll
0x00007ffc78a60000 - 0x00007ffc78bf4000 	C:\WINDOWS\System32\USER32.dll
0x00007ffc76e10000 - 0x00007ffc76e31000 	C:\WINDOWS\System32\win32u.dll
0x00007ffc77f30000 - 0x00007ffc77f56000 	C:\WINDOWS\System32\GDI32.dll
0x00007ffc76ef0000 - 0x00007ffc77086000 	C:\WINDOWS\System32\gdi32full.dll
0x00007ffc76310000 - 0x00007ffc763ae000 	C:\WINDOWS\System32\msvcp_win.dll
0x00007ffc77090000 - 0x00007ffc7718a000 	C:\WINDOWS\System32\ucrtbase.dll
0x00007ffc61430000 - 0x00007ffc616b4000 	C:\WINDOWS\WinSxS\amd64_microsoft.windows.common-controls_6595b64144ccf1df_6.0.18362.959_none_e6c7bbbf130c62bb\COMCTL32.dll
0x00007ffc78c60000 - 0x00007ffc78f95000 	C:\WINDOWS\System32\combase.dll
0x00007ffc76e40000 - 0x00007ffc76ec0000 	C:\WINDOWS\System32\bcryptPrimitives.dll
0x00007ffc78a30000 - 0x00007ffc78a5e000 	C:\WINDOWS\System32\IMM32.DLL
0x000000006e420000 - 0x000000006e4f2000 	D:\Programs\jre\jre\bin\msvcr100.dll
0x000000006e500000 - 0x000000006ed4b000 	D:\Programs\jre\jre\bin\server\jvm.dll
0x00007ffc773f0000 - 0x00007ffc773f8000 	C:\WINDOWS\System32\PSAPI.DLL
0x00007ffc743f0000 - 0x00007ffc74414000 	C:\WINDOWS\SYSTEM32\WINMM.dll
0x00007ffc70ee0000 - 0x00007ffc70eea000 	C:\WINDOWS\SYSTEM32\VERSION.dll
0x00007ffc5b870000 - 0x00007ffc5b879000 	C:\WINDOWS\SYSTEM32\WSOCK32.dll
0x00007ffc783d0000 - 0x00007ffc7843f000 	C:\WINDOWS\System32\WS2_32.dll
0x00007ffc74330000 - 0x00007ffc7435d000 	C:\WINDOWS\SYSTEM32\winmmbase.dll
0x00007ffc762c0000 - 0x00007ffc7630a000 	C:\WINDOWS\System32\cfgmgr32.dll
0x00007ffc744d0000 - 0x00007ffc744df000 	D:\Programs\jre\jre\bin\verify.dll
0x00007ffc68d20000 - 0x00007ffc68d49000 	D:\Programs\jre\jre\bin\java.dll
0x00007ffc6d830000 - 0x00007ffc6d846000 	D:\Programs\jre\jre\bin\zip.dll
0x00007ffc77840000 - 0x00007ffc77f26000 	C:\WINDOWS\System32\SHELL32.dll
0x00007ffc78440000 - 0x00007ffc784e9000 	C:\WINDOWS\System32\shcore.dll
0x00007ffc76680000 - 0x00007ffc76e02000 	C:\WINDOWS\System32\windows.storage.dll
0x00007ffc76290000 - 0x00007ffc762b3000 	C:\WINDOWS\System32\profapi.dll
0x00007ffc76200000 - 0x00007ffc7624a000 	C:\WINDOWS\System32\powrprof.dll
0x00007ffc761f0000 - 0x00007ffc76200000 	C:\WINDOWS\System32\UMPDC.dll
0x00007ffc78c00000 - 0x00007ffc78c52000 	C:\WINDOWS\System32\shlwapi.dll
0x00007ffc76250000 - 0x00007ffc76261000 	C:\WINDOWS\System32\kernel.appcore.dll
0x00007ffc763b0000 - 0x00007ffc763c7000 	C:\WINDOWS\System32\cryptsp.dll
0x00007ffc68e40000 - 0x00007ffc68e5a000 	D:\Programs\jre\jre\bin\net.dll
0x00007ffc75a00000 - 0x00007ffc75a67000 	C:\WINDOWS\system32\mswsock.dll
0x00007ffc68d00000 - 0x00007ffc68d13000 	D:\Programs\jre\jre\bin\nio.dll
0x00007ffc5f580000 - 0x00007ffc5f5a6000 	C:\Users\Amanuel\.gradle\native\31\windows-amd64\native-platform.dll
0x00007ffc6d8c0000 - 0x00007ffc6d8cd000 	D:\Programs\jre\jre\bin\management.dll
0x00007ffc75570000 - 0x00007ffc755a3000 	C:\WINDOWS\system32\rsaenh.dll
0x00007ffc76ec0000 - 0x00007ffc76ee6000 	C:\WINDOWS\System32\bcrypt.dll
0x00007ffc76110000 - 0x00007ffc76135000 	C:\WINDOWS\SYSTEM32\USERENV.dll
0x00007ffc75bd0000 - 0x00007ffc75bdc000 	C:\WINDOWS\SYSTEM32\CRYPTBASE.dll
0x00007ffc75710000 - 0x00007ffc7574a000 	C:\WINDOWS\SYSTEM32\IPHLPAPI.DLL
0x00007ffc787f0000 - 0x00007ffc787f8000 	C:\WINDOWS\System32\NSI.dll
0x00007ffc70730000 - 0x00007ffc70746000 	C:\WINDOWS\SYSTEM32\dhcpcsvc6.DLL
0x00007ffc70640000 - 0x00007ffc7065c000 	C:\WINDOWS\SYSTEM32\dhcpcsvc.DLL
0x00007ffc75750000 - 0x00007ffc7581b000 	C:\WINDOWS\SYSTEM32\DNSAPI.dll

VM Arguments:
jvm_args: -Xmx2048m -Dfile.encoding=windows-1252 -Duser.country=US -Duser.language=en -Duser.variant 
java_command: org.gradle.launcher.daemon.bootstrap.GradleDaemon 6.1.1
java_class_path (initial): C:\Users\Amanuel\.gradle\wrapper\dists\gradle-6.1.1-all\cfmwm155h49vnt3hynmlrsdst\gradle-6.1.1\lib\gradle-launcher-6.1.1.jar
Launcher Type: SUN_STANDARD

Environment Variables:
PATH=C:\Program Files (x86)\Intel\iCLS Client\;C:\Program Files\Intel\iCLS Client\;C:\Windows\system32;C:\Windows;C:\Windows\System32\Wbem;C:\Windows\System32\WindowsPowerShell\v1.0\;C:\Program Files (x86)\Intel\Intel(R) Management Engine Components\DAL;C:\Program Files\Intel\Intel(R) Management Engine Components\DAL;C:\Program Files (x86)\Intel\Intel(R) Management Engine Components\IPT;C:\Program Files\Intel\Intel(R) Management Engine Components\IPT;C:\Program Files (x86)\NVIDIA Corporation\PhysX\Common;C:\WINDOWS\system32;C:\WINDOWS;C:\WINDOWS\System32\Wbem;C:\WINDOWS\System32\WindowsPowerShell\v1.0\;C:\WINDOWS\System32\OpenSSH\;C:\Program Files (x86)\python;C:\Program Files\NVIDIA Corporation\NVIDIA NvDLISR;C:\Program Files\PuTTY\;C:\Program Files (x86)\python\Scripts;C:\WINDOWS\system32;C:\WINDOWS;C:\WINDOWS\System32\Wbem;C:\WINDOWS\System32\WindowsPowerShell\v1.0\;C:\WINDOWS\System32\OpenSSH\;C:\Users\Amanuel\Desktop\venv\Scripts;C:\Program Files (x86)\python\Scripts\py-traceroute\;C:\Users\Amanuel\AppData\Local\Microsoft\WindowsApps;C:\MinGW\bin;C:\Users\Amanuel\AppData\Local\Microsoft\WindowsApps
USERNAME=Amanuel
OS=Windows_NT
PROCESSOR_IDENTIFIER=Intel64 Family 6 Model 158 Stepping 9, GenuineIntel



---------------  S Y S T E M  ---------------

OS: Windows 10.0 , 64 bit Build 18362 (10.0.18362.959)

CPU:total 8 (initial active 8) (4 cores per cpu, 2 threads per core) family 6 model 158 stepping 9, cmov, cx8, fxsr, mmx, sse, sse2, sse3, ssse3, sse4.1, sse4.2, popcnt, avx, avx2, aes, clmul, erms, rtm, 3dnowpref, lzcnt, ht, tsc, tscinvbit, bmi1, bmi2, adx

Memory: 4k page, physical 16718868k(6648576k free), swap 17243156k(5280k free)

vm_info: OpenJDK 64-Bit Server VM (25.242-b01) for windows-amd64 JRE (1.8.0_242-release-1644-b01), built by "builder" with MS VC++ 10.0 (VS2010)

time: Wed Jul 29 02:02:19 2020
timezone: Mountain Daylight Time
elapsed time: 32 seconds (0d 0h 0m 32s)

